!SESSION 2013-07-02 18:21:56.160 -----------------------------------------------
eclipse.buildId=M20120914-1800
java.version=1.6.0_37
java.vendor=Sun Microsystems Inc.
BootLoader constants: OS=win32, ARCH=x86, WS=win32, NL=zh_CN
Framework arguments:  -product org.eclipse.epp.package.java.product
Command-line arguments:  -os win32 -ws win32 -arch x86 -product org.eclipse.epp.package.java.product

This is a continuation of log file D:\Program Files\kuaipan\Git\Python\PythonWorkSpace\.metadata\.bak_0.log
Created Time: 2013-07-02 18:22:10.913

!ENTRY org.python.pydev.shared_core 4 4 2013-07-02 18:22:10.914
!MESSAGE The encoding found: >>utf-8-<< on D:\Program Files\kuaipan\Git\Python\PythonWorkSpace\PythonKaiFa\src\chapter2\__init__.py is not a valid encoding.
!STACK 0
java.io.UnsupportedEncodingException: The encoding found: >>utf-8-<< on D:\Program Files\kuaipan\Git\Python\PythonWorkSpace\PythonKaiFa\src\chapter2\__init__.py is not a valid encoding.
	at org.python.pydev.shared_core.io.FileUtils.getValidEncoding(FileUtils.java:786)
	at org.python.pydev.shared_core.io.FileUtils.getPythonFileEncoding(FileUtils.java:747)
	at org.python.pydev.shared_core.io.FileUtils.getPythonFileEncoding(FileUtils.java:817)
	at org.python.pydev.core.FileUtilsFileBuffer.getCustomReturnFromFile(FileUtilsFileBuffer.java:161)
	at com.python.pydev.analysis.additionalinfo.AbstractAdditionalTokensInfo.addAstInfo(AbstractAdditionalTokensInfo.java:280)
	at com.python.pydev.analysis.additionalinfo.AbstractAdditionalInfoWithBuild.restoreInfoForModuleManager(AbstractAdditionalInfoWithBuild.java:251)
	at com.python.pydev.analysis.additionalinfo.AdditionalProjectInterpreterInfo.recreateAllInfo(AdditionalProjectInterpreterInfo.java:274)
	at com.python.pydev.analysis.additionalinfo.builders.InterpreterObserver.notifyProjectPythonpathRestored(InterpreterObserver.java:27)
	at org.python.pydev.plugin.nature.PythonNature$RebuildPythonNatureModules.run(PythonNature.java:173)
	at org.eclipse.core.internal.jobs.Worker.run(Worker.java:53)

!ENTRY org.python.pydev.shared_core 4 4 2013-07-02 18:22:10.921
!MESSAGE The encoding found: >>utf-8-<< on D:\Program Files\kuaipan\Git\Python\PythonWorkSpace\PythonKaiFa\src\chapter3\__init__.py is not a valid encoding.
!STACK 0
java.io.UnsupportedEncodingException: The encoding found: >>utf-8-<< on D:\Program Files\kuaipan\Git\Python\PythonWorkSpace\PythonKaiFa\src\chapter3\__init__.py is not a valid encoding.
	at org.python.pydev.shared_core.io.FileUtils.getValidEncoding(FileUtils.java:786)
	at org.python.pydev.shared_core.io.FileUtils.getPythonFileEncoding(FileUtils.java:747)
	at org.python.pydev.shared_core.io.FileUtils.getPythonFileEncoding(FileUtils.java:817)
	at org.python.pydev.core.FileUtilsFileBuffer.getCustomReturnFromFile(FileUtilsFileBuffer.java:161)
	at com.python.pydev.analysis.additionalinfo.AbstractAdditionalTokensInfo.addAstInfo(AbstractAdditionalTokensInfo.java:280)
	at com.python.pydev.analysis.additionalinfo.AbstractAdditionalInfoWithBuild.restoreInfoForModuleManager(AbstractAdditionalInfoWithBuild.java:251)
	at com.python.pydev.analysis.additionalinfo.AdditionalProjectInterpreterInfo.recreateAllInfo(AdditionalProjectInterpreterInfo.java:274)
	at com.python.pydev.analysis.additionalinfo.builders.InterpreterObserver.notifyProjectPythonpathRestored(InterpreterObserver.java:27)
	at org.python.pydev.plugin.nature.PythonNature$RebuildPythonNatureModules.run(PythonNature.java:173)
	at org.eclipse.core.internal.jobs.Worker.run(Worker.java:53)

!ENTRY org.python.pydev.shared_core 4 4 2013-07-02 18:22:12.569
!MESSAGE The encoding found: >>utf-8-<< on \PythonAutoTestPro\src\opentest\opentest1.py is not a valid encoding.
!STACK 0
java.io.UnsupportedEncodingException: The encoding found: >>utf-8-<< on \PythonAutoTestPro\src\opentest\opentest1.py is not a valid encoding.
	at org.python.pydev.shared_core.io.FileUtils.getValidEncoding(FileUtils.java:786)
	at org.python.pydev.shared_core.io.FileUtils.getPythonFileEncoding(FileUtils.java:747)
	at org.python.pydev.core.FileUtilsFileBuffer.getPythonFileEncoding(FileUtilsFileBuffer.java:292)
	at org.python.pydev.editor.PyEdit.fixEncoding(PyEdit.java:995)
	at org.python.pydev.editor.PyEdit.doSetInput(PyEdit.java:819)
	at org.eclipse.ui.texteditor.AbstractTextEditor$19.run(AbstractTextEditor.java:3209)
	at org.eclipse.ui.internal.WorkbenchWindow.run(WorkbenchWindow.java:1663)
	at org.eclipse.ui.texteditor.AbstractTextEditor.internalInit(AbstractTextEditor.java:3227)
	at org.eclipse.ui.texteditor.AbstractTextEditor.init(AbstractTextEditor.java:3254)
	at org.python.pydev.editor.PyEdit.init(PyEdit.java:637)
	at org.eclipse.ui.internal.EditorReference.initialize(EditorReference.java:324)
	at org.eclipse.ui.internal.e4.compatibility.CompatibilityPart.create(CompatibilityPart.java:288)
	at sun.reflect.NativeMethodAccessorImpl.invoke0(Native Method)
	at sun.reflect.NativeMethodAccessorImpl.invoke(NativeMethodAccessorImpl.java:39)
	at sun.reflect.DelegatingMethodAccessorImpl.invoke(DelegatingMethodAccessorImpl.java:25)
	at java.lang.reflect.Method.invoke(Method.java:597)
	at org.eclipse.e4.core.internal.di.MethodRequestor.execute(MethodRequestor.java:56)
	at org.eclipse.e4.core.internal.di.InjectorImpl.processAnnotated(InjectorImpl.java:859)
	at org.eclipse.e4.core.internal.di.InjectorImpl.processAnnotated(InjectorImpl.java:839)
	at org.eclipse.e4.core.internal.di.InjectorImpl.inject(InjectorImpl.java:111)
	at org.eclipse.e4.core.internal.di.InjectorImpl.internalMake(InjectorImpl.java:319)
	at org.eclipse.e4.core.internal.di.InjectorImpl.make(InjectorImpl.java:240)
	at org.eclipse.e4.core.contexts.ContextInjectionFactory.make(ContextInjectionFactory.java:161)
	at org.eclipse.e4.ui.internal.workbench.ReflectionContributionFactory.createFromBundle(ReflectionContributionFactory.java:102)
	at org.eclipse.e4.ui.internal.workbench.ReflectionContributionFactory.doCreate(ReflectionContributionFactory.java:71)
	at org.eclipse.e4.ui.internal.workbench.ReflectionContributionFactory.create(ReflectionContributionFactory.java:53)
	at org.eclipse.e4.ui.workbench.renderers.swt.ContributedPartRenderer.createWidget(ContributedPartRenderer.java:141)
	at org.eclipse.e4.ui.internal.workbench.swt.PartRenderingEngine.createWidget(PartRenderingEngine.java:896)
	at org.eclipse.e4.ui.internal.workbench.swt.PartRenderingEngine.safeCreateGui(PartRenderingEngine.java:630)
	at org.eclipse.e4.ui.internal.workbench.swt.PartRenderingEngine.safeCreateGui(PartRenderingEngine.java:732)
	at org.eclipse.e4.ui.internal.workbench.swt.PartRenderingEngine.access$2(PartRenderingEngine.java:703)
	at org.eclipse.e4.ui.internal.workbench.swt.PartRenderingEngine$7.run(PartRenderingEngine.java:697)
	at org.eclipse.core.runtime.SafeRunner.run(SafeRunner.java:42)
	at org.eclipse.e4.ui.internal.workbench.swt.PartRenderingEngine.createGui(PartRenderingEngine.java:682)
	at org.eclipse.e4.ui.workbench.renderers.swt.StackRenderer.showTab(StackRenderer.java:1114)
	at org.eclipse.e4.ui.workbench.renderers.swt.LazyStackRenderer.postProcess(LazyStackRenderer.java:98)
	at org.eclipse.e4.ui.internal.workbench.swt.PartRenderingEngine.safeCreateGui(PartRenderingEngine.java:646)
	at org.eclipse.e4.ui.internal.workbench.swt.PartRenderingEngine.safeCreateGui(PartRenderingEngine.java:732)
	at org.eclipse.e4.ui.internal.workbench.swt.PartRenderingEngine.access$2(PartRenderingEngine.java:703)
	at org.eclipse.e4.ui.internal.workbench.swt.PartRenderingEngine$7.run(PartRenderingEngine.java:697)
	at org.eclipse.core.runtime.SafeRunner.run(SafeRunner.java:42)
	at org.eclipse.e4.ui.internal.workbench.swt.PartRenderingEngine.createGui(PartRenderingEngine.java:682)
	at org.eclipse.e4.ui.workbench.renderers.swt.SWTPartRenderer.processContents(SWTPartRenderer.java:59)
	at org.eclipse.e4.ui.internal.workbench.swt.PartRenderingEngine.safeCreateGui(PartRenderingEngine.java:642)
	at org.eclipse.e4.ui.internal.workbench.swt.PartRenderingEngine$6.run(PartRenderingEngine.java:518)
	at org.eclipse.core.runtime.SafeRunner.run(SafeRunner.java:42)
	at org.eclipse.e4.ui.internal.workbench.swt.PartRenderingEngine.createGui(PartRenderingEngine.java:503)
	at org.eclipse.e4.ui.workbench.renderers.swt.ElementReferenceRenderer.createWidget(ElementReferenceRenderer.java:74)
	at org.eclipse.e4.ui.internal.workbench.swt.PartRenderingEngine.createWidget(PartRenderingEngine.java:896)
	at org.eclipse.e4.ui.internal.workbench.swt.PartRenderingEngine.safeCreateGui(PartRenderingEngine.java:630)
	at org.eclipse.e4.ui.internal.workbench.swt.PartRenderingEngine.safeCreateGui(PartRenderingEngine.java:732)
	at org.eclipse.e4.ui.internal.workbench.swt.PartRenderingEngine.access$2(PartRenderingEngine.java:703)
	at org.eclipse.e4.ui.internal.workbench.swt.PartRenderingEngine$7.run(PartRenderingEngine.java:697)
	at org.eclipse.core.runtime.SafeRunner.run(SafeRunner.java:42)
	at org.eclipse.e4.ui.internal.workbench.swt.PartRenderingEngine.createGui(PartRenderingEngine.java:682)
	at org.eclipse.e4.ui.workbench.renderers.swt.SWTPartRenderer.processContents(SWTPartRenderer.java:59)
	at org.eclipse.e4.ui.internal.workbench.swt.PartRenderingEngine.safeCreateGui(PartRenderingEngine.java:642)
	at org.eclipse.e4.ui.internal.workbench.swt.PartRenderingEngine.safeCreateGui(PartRenderingEngine.java:732)
	at org.eclipse.e4.ui.internal.workbench.swt.PartRenderingEngine.access$2(PartRenderingEngine.java:703)
	at org.eclipse.e4.ui.internal.workbench.swt.PartRenderingEngine$7.run(PartRenderingEngine.java:697)
	at org.eclipse.core.runtime.SafeRunner.run(SafeRunner.java:42)
	at org.eclipse.e4.ui.internal.workbench.swt.PartRenderingEngine.createGui(PartRenderingEngine.java:682)
	at org.eclipse.e4.ui.workbench.renderers.swt.SWTPartRenderer.processContents(SWTPartRenderer.java:59)
	at org.eclipse.e4.ui.internal.workbench.swt.PartRenderingEngine.safeCreateGui(PartRenderingEngine.java:642)
	at org.eclipse.e4.ui.internal.workbench.swt.PartRenderingEngine.safeCreateGui(PartRenderingEngine.java:732)
	at org.eclipse.e4.ui.internal.workbench.swt.PartRenderingEngine.access$2(PartRenderingEngine.java:703)
	at org.eclipse.e4.ui.internal.workbench.swt.PartRenderingEngine$7.run(PartRenderingEngine.java:697)
	at org.eclipse.core.runtime.SafeRunner.run(SafeRunner.java:42)
	at org.eclipse.e4.ui.internal.workbench.swt.PartRenderingEngine.createGui(PartRenderingEngine.java:682)
	at org.eclipse.e4.ui.workbench.renderers.swt.SWTPartRenderer.processContents(SWTPartRenderer.java:59)
	at org.eclipse.e4.ui.workbench.renderers.swt.PerspectiveRenderer.processContents(PerspectiveRenderer.java:59)
	at org.eclipse.e4.ui.internal.workbench.swt.PartRenderingEngine.safeCreateGui(PartRenderingEngine.java:642)
	at org.eclipse.e4.ui.internal.workbench.swt.PartRenderingEngine.safeCreateGui(PartRenderingEngine.java:732)
	at org.eclipse.e4.ui.internal.workbench.swt.PartRenderingEngine.access$2(PartRenderingEngine.java:703)
	at org.eclipse.e4.ui.internal.workbench.swt.PartRenderingEngine$7.run(PartRenderingEngine.java:697)
	at org.eclipse.core.runtime.SafeRunner.run(SafeRunner.java:42)
	at org.eclipse.e4.ui.internal.workbench.swt.PartRenderingEngine.createGui(PartRenderingEngine.java:682)
	at org.eclipse.e4.ui.workbench.renderers.swt.PerspectiveStackRenderer.showTab(PerspectiveStackRenderer.java:103)
	at org.eclipse.e4.ui.workbench.renderers.swt.LazyStackRenderer.postProcess(LazyStackRenderer.java:98)
	at org.eclipse.e4.ui.workbench.renderers.swt.PerspectiveStackRenderer.postProcess(PerspectiveStackRenderer.java:77)
	at org.eclipse.e4.ui.internal.workbench.swt.PartRenderingEngine.safeCreateGui(PartRenderingEngine.java:646)
	at org.eclipse.e4.ui.internal.workbench.swt.PartRenderingEngine.safeCreateGui(PartRenderingEngine.java:732)
	at org.eclipse.e4.ui.internal.workbench.swt.PartRenderingEngine.access$2(PartRenderingEngine.java:703)
	at org.eclipse.e4.ui.internal.workbench.swt.PartRenderingEngine$7.run(PartRenderingEngine.java:697)
	at org.eclipse.core.runtime.SafeRunner.run(SafeRunner.java:42)
	at org.eclipse.e4.ui.internal.workbench.swt.PartRenderingEngine.createGui(PartRenderingEngine.java:682)
	at org.eclipse.e4.ui.workbench.renderers.swt.SWTPartRenderer.processContents(SWTPartRenderer.java:59)
	at org.eclipse.e4.ui.internal.workbench.swt.PartRenderingEngine.safeCreateGui(PartRenderingEngine.java:642)
	at org.eclipse.e4.ui.internal.workbench.swt.PartRenderingEngine.safeCreateGui(PartRenderingEngine.java:732)
	at org.eclipse.e4.ui.internal.workbench.swt.PartRenderingEngine.access$2(PartRenderingEngine.java:703)
	at org.eclipse.e4.ui.internal.workbench.swt.PartRenderingEngine$7.run(PartRenderingEngine.java:697)
	at org.eclipse.core.runtime.SafeRunner.run(SafeRunner.java:42)
	at org.eclipse.e4.ui.internal.workbench.swt.PartRenderingEngine.createGui(PartRenderingEngine.java:682)
	at org.eclipse.e4.ui.workbench.renderers.swt.SWTPartRenderer.processContents(SWTPartRenderer.java:59)
	at org.eclipse.e4.ui.workbench.renderers.swt.WBWRenderer.processContents(WBWRenderer.java:639)
	at org.eclipse.e4.ui.internal.workbench.swt.PartRenderingEngine.safeCreateGui(PartRenderingEngine.java:642)
	at org.eclipse.e4.ui.internal.workbench.swt.PartRenderingEngine.safeCreateGui(PartRenderingEngine.java:732)
	at org.eclipse.e4.ui.internal.workbench.swt.PartRenderingEngine.access$2(PartRenderingEngine.java:703)
	at org.eclipse.e4.ui.internal.workbench.swt.PartRenderingEngine$7.run(PartRenderingEngine.java:697)
	at org.eclipse.core.runtime.SafeRunner.run(SafeRunner.java:42)
	at org.eclipse.e4.ui.internal.workbench.swt.PartRenderingEngine.createGui(PartRenderingEngine.java:682)
	at org.eclipse.e4.ui.internal.workbench.swt.PartRenderingEngine$9.run(PartRenderingEngine.java:968)
	at org.eclipse.core.databinding.observable.Realm.runWithDefault(Realm.java:332)
	at org.eclipse.e4.ui.internal.workbench.swt.PartRenderingEngine.run(PartRenderingEngine.java:923)
	at org.eclipse.e4.ui.internal.workbench.E4Workbench.createAndRunUI(E4Workbench.java:86)
	at org.eclipse.ui.internal.Workbench$5.run(Workbench.java:588)
	at org.eclipse.core.databinding.observable.Realm.runWithDefault(Realm.java:332)
	at org.eclipse.ui.internal.Workbench.createAndRunWorkbench(Workbench.java:543)
	at org.eclipse.ui.PlatformUI.createAndRunWorkbench(PlatformUI.java:149)
	at org.eclipse.ui.internal.ide.application.IDEApplication.start(IDEApplication.java:124)
	at org.eclipse.equinox.internal.app.EclipseAppHandle.run(EclipseAppHandle.java:196)
	at org.eclipse.core.runtime.internal.adaptor.EclipseAppLauncher.runApplication(EclipseAppLauncher.java:110)
	at org.eclipse.core.runtime.internal.adaptor.EclipseAppLauncher.start(EclipseAppLauncher.java:79)
	at org.eclipse.core.runtime.adaptor.EclipseStarter.run(EclipseStarter.java:353)
	at org.eclipse.core.runtime.adaptor.EclipseStarter.run(EclipseStarter.java:180)
	at sun.reflect.NativeMethodAccessorImpl.invoke0(Native Method)
	at sun.reflect.NativeMethodAccessorImpl.invoke(NativeMethodAccessorImpl.java:39)
	at sun.reflect.DelegatingMethodAccessorImpl.invoke(DelegatingMethodAccessorImpl.java:25)
	at java.lang.reflect.Method.invoke(Method.java:597)
	at org.eclipse.equinox.launcher.Main.invokeFramework(Main.java:629)
	at org.eclipse.equinox.launcher.Main.basicRun(Main.java:584)
	at org.eclipse.equinox.launcher.Main.run(Main.java:1438)

!ENTRY org.eclipse.egit.ui 2 0 2013-07-02 18:22:23.809
!MESSAGE Warning: EGit couldn't detect the installation path "gitPrefix" of native Git. Hence EGit can't respect system level
Git settings which might be configured in ${gitPrefix}/etc/gitconfig under the native Git installation directory.
The most important of these settings is core.autocrlf. Git for Windows by default sets this parameter to true in
this system level configuration. The Git installation location can be configured on the
Team > Git > Configuration preference page's 'System Settings' tab.
This warning can be switched off on the Team > Git > Confirmations and Warnings preference page.

!ENTRY org.eclipse.egit.ui 2 0 2013-07-02 18:22:23.810
!MESSAGE Warning: The environment variable HOME is not set. The following directory will be used to store the Git
user global configuration and to define the default location to store repositories: 'C:\Users\Administrator'. If this is
not correct please set the HOME environment variable and restart Eclipse. Otherwise Git for Windows and
EGit might behave differently since they see different configuration options.
This warning can be switched off on the Team > Git > Confirmations and Warnings preference page.

!ENTRY org.python.pydev.shared_core 4 4 2013-07-02 18:22:24.285
!MESSAGE The encoding found: >>utf-8-<< on \PythonAutoTestPro\src\opentest\__init__.py is not a valid encoding.
!STACK 0
java.io.UnsupportedEncodingException: The encoding found: >>utf-8-<< on \PythonAutoTestPro\src\opentest\__init__.py is not a valid encoding.
	at org.python.pydev.shared_core.io.FileUtils.getValidEncoding(FileUtils.java:786)
	at org.python.pydev.shared_core.io.FileUtils.getPythonFileEncoding(FileUtils.java:747)
	at org.python.pydev.core.FileUtilsFileBuffer.getPythonFileEncoding(FileUtilsFileBuffer.java:292)
	at org.python.pydev.editor.PyEdit.fixEncoding(PyEdit.java:995)
	at org.python.pydev.editor.PyEdit.doSetInput(PyEdit.java:819)
	at org.eclipse.ui.texteditor.AbstractTextEditor$19.run(AbstractTextEditor.java:3209)
	at org.eclipse.jface.operation.ModalContext.runInCurrentThread(ModalContext.java:464)
	at org.eclipse.jface.operation.ModalContext.run(ModalContext.java:372)
	at org.eclipse.ui.internal.WorkbenchWindow$13.run(WorkbenchWindow.java:1675)
	at org.eclipse.swt.custom.BusyIndicator.showWhile(BusyIndicator.java:70)
	at org.eclipse.ui.internal.WorkbenchWindow.run(WorkbenchWindow.java:1672)
	at org.eclipse.ui.texteditor.AbstractTextEditor.internalInit(AbstractTextEditor.java:3227)
	at org.eclipse.ui.texteditor.AbstractTextEditor.init(AbstractTextEditor.java:3254)
	at org.python.pydev.editor.PyEdit.init(PyEdit.java:637)
	at org.eclipse.ui.internal.EditorReference.initialize(EditorReference.java:324)
	at org.eclipse.ui.internal.e4.compatibility.CompatibilityPart.create(CompatibilityPart.java:288)
	at sun.reflect.NativeMethodAccessorImpl.invoke0(Native Method)
	at sun.reflect.NativeMethodAccessorImpl.invoke(NativeMethodAccessorImpl.java:39)
	at sun.reflect.DelegatingMethodAccessorImpl.invoke(DelegatingMethodAccessorImpl.java:25)
	at java.lang.reflect.Method.invoke(Method.java:597)
	at org.eclipse.e4.core.internal.di.MethodRequestor.execute(MethodRequestor.java:56)
	at org.eclipse.e4.core.internal.di.InjectorImpl.processAnnotated(InjectorImpl.java:859)
	at org.eclipse.e4.core.internal.di.InjectorImpl.processAnnotated(InjectorImpl.java:839)
	at org.eclipse.e4.core.internal.di.InjectorImpl.inject(InjectorImpl.java:111)
	at org.eclipse.e4.core.internal.di.InjectorImpl.internalMake(InjectorImpl.java:319)
	at org.eclipse.e4.core.internal.di.InjectorImpl.make(InjectorImpl.java:240)
	at org.eclipse.e4.core.contexts.ContextInjectionFactory.make(ContextInjectionFactory.java:161)
	at org.eclipse.e4.ui.internal.workbench.ReflectionContributionFactory.createFromBundle(ReflectionContributionFactory.java:102)
	at org.eclipse.e4.ui.internal.workbench.ReflectionContributionFactory.doCreate(ReflectionContributionFactory.java:71)
	at org.eclipse.e4.ui.internal.workbench.ReflectionContributionFactory.create(ReflectionContributionFactory.java:53)
	at org.eclipse.e4.ui.workbench.renderers.swt.ContributedPartRenderer.createWidget(ContributedPartRenderer.java:141)
	at org.eclipse.e4.ui.internal.workbench.swt.PartRenderingEngine.createWidget(PartRenderingEngine.java:896)
	at org.eclipse.e4.ui.internal.workbench.swt.PartRenderingEngine.safeCreateGui(PartRenderingEngine.java:630)
	at org.eclipse.e4.ui.internal.workbench.swt.PartRenderingEngine.safeCreateGui(PartRenderingEngine.java:732)
	at org.eclipse.e4.ui.internal.workbench.swt.PartRenderingEngine.access$2(PartRenderingEngine.java:703)
	at org.eclipse.e4.ui.internal.workbench.swt.PartRenderingEngine$7.run(PartRenderingEngine.java:697)
	at org.eclipse.core.runtime.SafeRunner.run(SafeRunner.java:42)
	at org.eclipse.e4.ui.internal.workbench.swt.PartRenderingEngine.createGui(PartRenderingEngine.java:682)
	at org.eclipse.e4.ui.internal.workbench.PartServiceImpl.createElement(PartServiceImpl.java:1027)
	at org.eclipse.e4.ui.internal.workbench.PartServiceImpl.showPart(PartServiceImpl.java:989)
	at org.eclipse.ui.internal.WorkbenchPartReference.getPart(WorkbenchPartReference.java:464)
	at org.eclipse.ui.internal.EditorReference.getEditor(EditorReference.java:233)
	at org.python.pydev.editor.PyEditTitle$3.run(PyEditTitle.java:237)
	at org.eclipse.swt.widgets.RunnableLock.run(RunnableLock.java:35)
	at org.eclipse.swt.widgets.Synchronizer.runAsyncMessages(Synchronizer.java:135)
	at org.eclipse.swt.widgets.Display.runAsyncMessages(Display.java:4144)
	at org.eclipse.swt.widgets.Display.readAndDispatch(Display.java:3761)
	at org.eclipse.e4.ui.internal.workbench.swt.PartRenderingEngine$9.run(PartRenderingEngine.java:1029)
	at org.eclipse.core.databinding.observable.Realm.runWithDefault(Realm.java:332)
	at org.eclipse.e4.ui.internal.workbench.swt.PartRenderingEngine.run(PartRenderingEngine.java:923)
	at org.eclipse.e4.ui.internal.workbench.E4Workbench.createAndRunUI(E4Workbench.java:86)
	at org.eclipse.ui.internal.Workbench$5.run(Workbench.java:588)
	at org.eclipse.core.databinding.observable.Realm.runWithDefault(Realm.java:332)
	at org.eclipse.ui.internal.Workbench.createAndRunWorkbench(Workbench.java:543)
	at org.eclipse.ui.PlatformUI.createAndRunWorkbench(PlatformUI.java:149)
	at org.eclipse.ui.internal.ide.application.IDEApplication.start(IDEApplication.java:124)
	at org.eclipse.equinox.internal.app.EclipseAppHandle.run(EclipseAppHandle.java:196)
	at org.eclipse.core.runtime.internal.adaptor.EclipseAppLauncher.runApplication(EclipseAppLauncher.java:110)
	at org.eclipse.core.runtime.internal.adaptor.EclipseAppLauncher.start(EclipseAppLauncher.java:79)
	at org.eclipse.core.runtime.adaptor.EclipseStarter.run(EclipseStarter.java:353)
	at org.eclipse.core.runtime.adaptor.EclipseStarter.run(EclipseStarter.java:180)
	at sun.reflect.NativeMethodAccessorImpl.invoke0(Native Method)
	at sun.reflect.NativeMethodAccessorImpl.invoke(NativeMethodAccessorImpl.java:39)
	at sun.reflect.DelegatingMethodAccessorImpl.invoke(DelegatingMethodAccessorImpl.java:25)
	at java.lang.reflect.Method.invoke(Method.java:597)
	at org.eclipse.equinox.launcher.Main.invokeFramework(Main.java:629)
	at org.eclipse.equinox.launcher.Main.basicRun(Main.java:584)
	at org.eclipse.equinox.launcher.Main.run(Main.java:1438)

!ENTRY org.eclipse.jface 2 0 2013-07-02 18:22:41.261
!MESSAGE Keybinding conflicts occurred.  They may interfere with normal accelerator operation.
!SUBENTRY 1 org.eclipse.jface 2 0 2013-07-02 18:22:41.261
!MESSAGE A conflict occurred for CTRL+SHIFT+T:
Binding(CTRL+SHIFT+T,
	ParameterizedCommand(Command(org.eclipse.jdt.ui.navigate.open.type,Open Type,
		Open a type in a Java editor,
		Category(org.eclipse.ui.category.navigate,Navigate,null,true),
		org.eclipse.ui.internal.MakeHandlersGo@9c30e6,
		,,true),null),
	org.eclipse.ui.defaultAcceleratorConfiguration,
	org.eclipse.ui.contexts.window,,,system)
Binding(CTRL+SHIFT+T,
	ParameterizedCommand(Command(com.python.pydev.analysis.actions.pyGlobalsBrowserWorkbench,Python Show Global Tokens (Global),
		Python Show Global Tokens (Global),
		Category(org.python.pydev.ui.category.source,PyDev - Editor,PyDev editor category,true),
		org.eclipse.ui.internal.MakeHandlersGo@4e58a9,
		,,true),null),
	org.eclipse.ui.defaultAcceleratorConfiguration,
	com.python.pydev.contexts.window,,,system)
Binding(CTRL+SHIFT+T,
	ParameterizedCommand(Command(org.python.pydev.editor.actions.pyShowBrowser,Python Show Global Tokens (Editor),
		Python Show Global Tokens (Editor),
		Category(org.python.pydev.ui.category.source,PyDev - Editor,PyDev editor category,true),
		org.eclipse.ui.internal.MakeHandlersGo@19edb19,
		,,true),null),
	org.eclipse.ui.defaultAcceleratorConfiguration,
	org.python.pydev.ui.editor.scope,,,system)

!ENTRY org.python.pydev.shared_core 4 4 2013-07-02 18:23:50.049
!MESSAGE The encoding found: >>utf-8-<< on \PythonAutoTestPro\src\opentest\opentest1.py is not a valid encoding.
!STACK 0
java.io.UnsupportedEncodingException: The encoding found: >>utf-8-<< on \PythonAutoTestPro\src\opentest\opentest1.py is not a valid encoding.
	at org.python.pydev.shared_core.io.FileUtils.getValidEncoding(FileUtils.java:786)
	at org.python.pydev.shared_core.io.FileUtils.getPythonFileEncoding(FileUtils.java:747)
	at org.python.pydev.core.FileUtilsFileBuffer.getPythonFileEncoding(FileUtilsFileBuffer.java:292)
	at org.python.pydev.editor.PyEdit.fixEncoding(PyEdit.java:995)
	at org.python.pydev.editor.PyEdit.performSave(PyEdit.java:946)
	at org.eclipse.ui.texteditor.AbstractTextEditor.doSave(AbstractTextEditor.java:4855)
	at org.python.pydev.editor.PyEdit.doSave(PyEdit.java:982)
	at org.eclipse.ui.texteditor.AbstractTextEditor$TextEditorSavable.doSave(AbstractTextEditor.java:7198)
	at org.eclipse.ui.Saveable.doSave(Saveable.java:214)
	at org.eclipse.ui.internal.SaveableHelper.doSaveModel(SaveableHelper.java:346)
	at org.eclipse.ui.internal.SaveableHelper$3.run(SaveableHelper.java:193)
	at org.eclipse.ui.internal.SaveableHelper$5.run(SaveableHelper.java:274)
	at org.eclipse.jface.operation.ModalContext.runInCurrentThread(ModalContext.java:464)
	at org.eclipse.jface.operation.ModalContext.run(ModalContext.java:372)
	at org.eclipse.ui.internal.WorkbenchWindow$13.run(WorkbenchWindow.java:1675)
	at org.eclipse.swt.custom.BusyIndicator.showWhile(BusyIndicator.java:70)
	at org.eclipse.ui.internal.WorkbenchWindow.run(WorkbenchWindow.java:1672)
	at org.eclipse.ui.internal.SaveableHelper.runProgressMonitorOperation(SaveableHelper.java:282)
	at org.eclipse.ui.internal.SaveableHelper.runProgressMonitorOperation(SaveableHelper.java:261)
	at org.eclipse.ui.internal.SaveableHelper.saveModels(SaveableHelper.java:204)
	at org.eclipse.ui.internal.SaveableHelper.savePart(SaveableHelper.java:144)
	at org.eclipse.ui.internal.e4.compatibility.CompatibilityPart.doSave(CompatibilityPart.java:404)
	at sun.reflect.NativeMethodAccessorImpl.invoke0(Native Method)
	at sun.reflect.NativeMethodAccessorImpl.invoke(NativeMethodAccessorImpl.java:39)
	at sun.reflect.DelegatingMethodAccessorImpl.invoke(DelegatingMethodAccessorImpl.java:25)
	at java.lang.reflect.Method.invoke(Method.java:597)
	at org.eclipse.e4.core.internal.di.MethodRequestor.execute(MethodRequestor.java:56)
	at org.eclipse.e4.core.internal.di.InjectorImpl.invokeUsingClass(InjectorImpl.java:229)
	at org.eclipse.e4.core.internal.di.InjectorImpl.invokeUsingClass(InjectorImpl.java:235)
	at org.eclipse.e4.core.internal.di.InjectorImpl.invoke(InjectorImpl.java:199)
	at org.eclipse.e4.core.contexts.ContextInjectionFactory.invoke(ContextInjectionFactory.java:89)
	at org.eclipse.e4.ui.internal.workbench.PartServiceImpl.savePart(PartServiceImpl.java:1179)
	at org.eclipse.ui.internal.WorkbenchPage.saveSaveable(WorkbenchPage.java:3469)
	at org.eclipse.ui.internal.WorkbenchPage.saveEditor(WorkbenchPage.java:3487)
	at org.eclipse.ui.internal.SaveAction.run(SaveAction.java:76)
	at org.eclipse.jface.action.Action.runWithEvent(Action.java:498)
	at org.eclipse.jface.commands.ActionHandler.execute(ActionHandler.java:119)
	at org.eclipse.ui.internal.handlers.E4HandlerProxy.execute(E4HandlerProxy.java:76)
	at sun.reflect.NativeMethodAccessorImpl.invoke0(Native Method)
	at sun.reflect.NativeMethodAccessorImpl.invoke(NativeMethodAccessorImpl.java:39)
	at sun.reflect.DelegatingMethodAccessorImpl.invoke(DelegatingMethodAccessorImpl.java:25)
	at java.lang.reflect.Method.invoke(Method.java:597)
	at org.eclipse.e4.core.internal.di.MethodRequestor.execute(MethodRequestor.java:56)
	at org.eclipse.e4.core.internal.di.InjectorImpl.invokeUsingClass(InjectorImpl.java:229)
	at org.eclipse.e4.core.internal.di.InjectorImpl.invoke(InjectorImpl.java:210)
	at org.eclipse.e4.core.contexts.ContextInjectionFactory.invoke(ContextInjectionFactory.java:131)
	at org.eclipse.e4.core.commands.internal.HandlerServiceImpl.executeHandler(HandlerServiceImpl.java:171)
	at org.eclipse.e4.ui.bindings.keys.KeyBindingDispatcher.executeCommand(KeyBindingDispatcher.java:276)
	at org.eclipse.e4.ui.bindings.keys.KeyBindingDispatcher.press(KeyBindingDispatcher.java:494)
	at org.eclipse.e4.ui.bindings.keys.KeyBindingDispatcher.processKeyEvent(KeyBindingDispatcher.java:545)
	at org.eclipse.e4.ui.bindings.keys.KeyBindingDispatcher.filterKeySequenceBindings(KeyBindingDispatcher.java:366)
	at org.eclipse.e4.ui.bindings.keys.KeyBindingDispatcher.access$0(KeyBindingDispatcher.java:313)
	at org.eclipse.e4.ui.bindings.keys.KeyBindingDispatcher$KeyDownFilter.handleEvent(KeyBindingDispatcher.java:82)
	at org.eclipse.swt.widgets.EventTable.sendEvent(EventTable.java:84)
	at org.eclipse.swt.widgets.Display.filterEvent(Display.java:1262)
	at org.eclipse.swt.widgets.Widget.sendEvent(Widget.java:1052)
	at org.eclipse.swt.widgets.Widget.sendEvent(Widget.java:1077)
	at org.eclipse.swt.widgets.Widget.sendEvent(Widget.java:1062)
	at org.eclipse.swt.widgets.Widget.sendKeyEvent(Widget.java:1104)
	at org.eclipse.swt.widgets.Widget.sendKeyEvent(Widget.java:1100)
	at org.eclipse.swt.widgets.Widget.wmChar(Widget.java:1521)
	at org.eclipse.swt.widgets.Control.WM_CHAR(Control.java:4640)
	at org.eclipse.swt.widgets.Canvas.WM_CHAR(Canvas.java:345)
	at org.eclipse.swt.widgets.Control.windowProc(Control.java:4528)
	at org.eclipse.swt.widgets.Canvas.windowProc(Canvas.java:341)
	at org.eclipse.swt.widgets.Display.windowProc(Display.java:4976)
	at org.eclipse.swt.internal.win32.OS.DispatchMessageW(Native Method)
	at org.eclipse.swt.internal.win32.OS.DispatchMessage(OS.java:2546)
	at org.eclipse.swt.widgets.Display.readAndDispatch(Display.java:3756)
	at org.eclipse.e4.ui.internal.workbench.swt.PartRenderingEngine$9.run(PartRenderingEngine.java:1029)
	at org.eclipse.core.databinding.observable.Realm.runWithDefault(Realm.java:332)
	at org.eclipse.e4.ui.internal.workbench.swt.PartRenderingEngine.run(PartRenderingEngine.java:923)
	at org.eclipse.e4.ui.internal.workbench.E4Workbench.createAndRunUI(E4Workbench.java:86)
	at org.eclipse.ui.internal.Workbench$5.run(Workbench.java:588)
	at org.eclipse.core.databinding.observable.Realm.runWithDefault(Realm.java:332)
	at org.eclipse.ui.internal.Workbench.createAndRunWorkbench(Workbench.java:543)
	at org.eclipse.ui.PlatformUI.createAndRunWorkbench(PlatformUI.java:149)
	at org.eclipse.ui.internal.ide.application.IDEApplication.start(IDEApplication.java:124)
	at org.eclipse.equinox.internal.app.EclipseAppHandle.run(EclipseAppHandle.java:196)
	at org.eclipse.core.runtime.internal.adaptor.EclipseAppLauncher.runApplication(EclipseAppLauncher.java:110)
	at org.eclipse.core.runtime.internal.adaptor.EclipseAppLauncher.start(EclipseAppLauncher.java:79)
	at org.eclipse.core.runtime.adaptor.EclipseStarter.run(EclipseStarter.java:353)
	at org.eclipse.core.runtime.adaptor.EclipseStarter.run(EclipseStarter.java:180)
	at sun.reflect.NativeMethodAccessorImpl.invoke0(Native Method)
	at sun.reflect.NativeMethodAccessorImpl.invoke(NativeMethodAccessorImpl.java:39)
	at sun.reflect.DelegatingMethodAccessorImpl.invoke(DelegatingMethodAccessorImpl.java:25)
	at java.lang.reflect.Method.invoke(Method.java:597)
	at org.eclipse.equinox.launcher.Main.invokeFramework(Main.java:629)
	at org.eclipse.equinox.launcher.Main.basicRun(Main.java:584)
	at org.eclipse.equinox.launcher.Main.run(Main.java:1438)

!ENTRY org.python.pydev.shared_core 4 4 2013-07-02 18:26:14.423
!MESSAGE The encoding found: >>utf-8-<< on \PythonAutoTestPro\src\Topka\CreateTopkaActivity.py is not a valid encoding.
!STACK 0
java.io.UnsupportedEncodingException: The encoding found: >>utf-8-<< on \PythonAutoTestPro\src\Topka\CreateTopkaActivity.py is not a valid encoding.
	at org.python.pydev.shared_core.io.FileUtils.getValidEncoding(FileUtils.java:786)
	at org.python.pydev.shared_core.io.FileUtils.getPythonFileEncoding(FileUtils.java:747)
	at org.python.pydev.core.FileUtilsFileBuffer.getPythonFileEncoding(FileUtilsFileBuffer.java:292)
	at org.python.pydev.editor.PyEdit.fixEncoding(PyEdit.java:995)
	at org.python.pydev.editor.PyEdit.doSetInput(PyEdit.java:819)
	at org.eclipse.ui.texteditor.AbstractTextEditor$19.run(AbstractTextEditor.java:3209)
	at org.eclipse.jface.operation.ModalContext.runInCurrentThread(ModalContext.java:464)
	at org.eclipse.jface.operation.ModalContext.run(ModalContext.java:372)
	at org.eclipse.ui.internal.WorkbenchWindow$13.run(WorkbenchWindow.java:1675)
	at org.eclipse.swt.custom.BusyIndicator.showWhile(BusyIndicator.java:70)
	at org.eclipse.ui.internal.WorkbenchWindow.run(WorkbenchWindow.java:1672)
	at org.eclipse.ui.texteditor.AbstractTextEditor.internalInit(AbstractTextEditor.java:3227)
	at org.eclipse.ui.texteditor.AbstractTextEditor.init(AbstractTextEditor.java:3254)
	at org.python.pydev.editor.PyEdit.init(PyEdit.java:637)
	at org.eclipse.ui.internal.EditorReference.initialize(EditorReference.java:324)
	at org.eclipse.ui.internal.e4.compatibility.CompatibilityPart.create(CompatibilityPart.java:288)
	at sun.reflect.NativeMethodAccessorImpl.invoke0(Native Method)
	at sun.reflect.NativeMethodAccessorImpl.invoke(NativeMethodAccessorImpl.java:39)
	at sun.reflect.DelegatingMethodAccessorImpl.invoke(DelegatingMethodAccessorImpl.java:25)
	at java.lang.reflect.Method.invoke(Method.java:597)
	at org.eclipse.e4.core.internal.di.MethodRequestor.execute(MethodRequestor.java:56)
	at org.eclipse.e4.core.internal.di.InjectorImpl.processAnnotated(InjectorImpl.java:859)
	at org.eclipse.e4.core.internal.di.InjectorImpl.processAnnotated(InjectorImpl.java:839)
	at org.eclipse.e4.core.internal.di.InjectorImpl.inject(InjectorImpl.java:111)
	at org.eclipse.e4.core.internal.di.InjectorImpl.internalMake(InjectorImpl.java:319)
	at org.eclipse.e4.core.internal.di.InjectorImpl.make(InjectorImpl.java:240)
	at org.eclipse.e4.core.contexts.ContextInjectionFactory.make(ContextInjectionFactory.java:161)
	at org.eclipse.e4.ui.internal.workbench.ReflectionContributionFactory.createFromBundle(ReflectionContributionFactory.java:102)
	at org.eclipse.e4.ui.internal.workbench.ReflectionContributionFactory.doCreate(ReflectionContributionFactory.java:71)
	at org.eclipse.e4.ui.internal.workbench.ReflectionContributionFactory.create(ReflectionContributionFactory.java:53)
	at org.eclipse.e4.ui.workbench.renderers.swt.ContributedPartRenderer.createWidget(ContributedPartRenderer.java:141)
	at org.eclipse.e4.ui.internal.workbench.swt.PartRenderingEngine.createWidget(PartRenderingEngine.java:896)
	at org.eclipse.e4.ui.internal.workbench.swt.PartRenderingEngine.safeCreateGui(PartRenderingEngine.java:630)
	at org.eclipse.e4.ui.internal.workbench.swt.PartRenderingEngine.safeCreateGui(PartRenderingEngine.java:732)
	at org.eclipse.e4.ui.internal.workbench.swt.PartRenderingEngine.access$2(PartRenderingEngine.java:703)
	at org.eclipse.e4.ui.internal.workbench.swt.PartRenderingEngine$7.run(PartRenderingEngine.java:697)
	at org.eclipse.core.runtime.SafeRunner.run(SafeRunner.java:42)
	at org.eclipse.e4.ui.internal.workbench.swt.PartRenderingEngine.createGui(PartRenderingEngine.java:682)
	at org.eclipse.e4.ui.workbench.renderers.swt.StackRenderer.showTab(StackRenderer.java:1114)
	at org.eclipse.e4.ui.workbench.renderers.swt.LazyStackRenderer$1.handleEvent(LazyStackRenderer.java:67)
	at org.eclipse.e4.ui.services.internal.events.UIEventHandler$1.run(UIEventHandler.java:41)
	at org.eclipse.swt.widgets.Synchronizer.syncExec(Synchronizer.java:180)
	at org.eclipse.ui.internal.UISynchronizer.syncExec(UISynchronizer.java:150)
	at org.eclipse.swt.widgets.Display.syncExec(Display.java:4687)
	at org.eclipse.e4.ui.internal.workbench.swt.E4Application$1.syncExec(E4Application.java:187)
	at org.eclipse.e4.ui.services.internal.events.UIEventHandler.handleEvent(UIEventHandler.java:38)
	at org.eclipse.equinox.internal.event.EventHandlerWrapper.handleEvent(EventHandlerWrapper.java:197)
	at org.eclipse.equinox.internal.event.EventHandlerTracker.dispatchEvent(EventHandlerTracker.java:197)
	at org.eclipse.equinox.internal.event.EventHandlerTracker.dispatchEvent(EventHandlerTracker.java:1)
	at org.eclipse.osgi.framework.eventmgr.EventManager.dispatchEvent(EventManager.java:230)
	at org.eclipse.osgi.framework.eventmgr.ListenerQueue.dispatchEventSynchronous(ListenerQueue.java:148)
	at org.eclipse.equinox.internal.event.EventAdminImpl.dispatchEvent(EventAdminImpl.java:135)
	at org.eclipse.equinox.internal.event.EventAdminImpl.sendEvent(EventAdminImpl.java:78)
	at org.eclipse.equinox.internal.event.EventComponent.sendEvent(EventComponent.java:39)
	at org.eclipse.e4.ui.services.internal.events.EventBroker.send(EventBroker.java:81)
	at org.eclipse.e4.ui.internal.workbench.UIEventPublisher.notifyChanged(UIEventPublisher.java:58)
	at org.eclipse.emf.common.notify.impl.BasicNotifierImpl.eNotify(BasicNotifierImpl.java:374)
	at org.eclipse.e4.ui.model.application.ui.impl.ElementContainerImpl.setSelectedElement(ElementContainerImpl.java:171)
	at org.eclipse.e4.ui.workbench.renderers.swt.StackRenderer$8.widgetSelected(StackRenderer.java:910)
	at org.eclipse.swt.widgets.TypedListener.handleEvent(TypedListener.java:248)
	at org.eclipse.swt.widgets.EventTable.sendEvent(EventTable.java:84)
	at org.eclipse.swt.widgets.Widget.sendEvent(Widget.java:1053)
	at org.eclipse.swt.widgets.Widget.sendEvent(Widget.java:1077)
	at org.eclipse.swt.widgets.Widget.sendEvent(Widget.java:1062)
	at org.eclipse.swt.widgets.Widget.notifyListeners(Widget.java:774)
	at org.eclipse.swt.custom.CTabFolder.setSelection(CTabFolder.java:3023)
	at org.eclipse.swt.custom.CTabFolder.onMouse(CTabFolder.java:1730)
	at org.eclipse.swt.custom.CTabFolder$1.handleEvent(CTabFolder.java:270)
	at org.eclipse.swt.widgets.EventTable.sendEvent(EventTable.java:84)
	at org.eclipse.swt.widgets.Widget.sendEvent(Widget.java:1053)
	at org.eclipse.swt.widgets.Display.runDeferredEvents(Display.java:4169)
	at org.eclipse.swt.widgets.Display.readAndDispatch(Display.java:3758)
	at org.eclipse.e4.ui.internal.workbench.swt.PartRenderingEngine$9.run(PartRenderingEngine.java:1029)
	at org.eclipse.core.databinding.observable.Realm.runWithDefault(Realm.java:332)
	at org.eclipse.e4.ui.internal.workbench.swt.PartRenderingEngine.run(PartRenderingEngine.java:923)
	at org.eclipse.e4.ui.internal.workbench.E4Workbench.createAndRunUI(E4Workbench.java:86)
	at org.eclipse.ui.internal.Workbench$5.run(Workbench.java:588)
	at org.eclipse.core.databinding.observable.Realm.runWithDefault(Realm.java:332)
	at org.eclipse.ui.internal.Workbench.createAndRunWorkbench(Workbench.java:543)
	at org.eclipse.ui.PlatformUI.createAndRunWorkbench(PlatformUI.java:149)
	at org.eclipse.ui.internal.ide.application.IDEApplication.start(IDEApplication.java:124)
	at org.eclipse.equinox.internal.app.EclipseAppHandle.run(EclipseAppHandle.java:196)
	at org.eclipse.core.runtime.internal.adaptor.EclipseAppLauncher.runApplication(EclipseAppLauncher.java:110)
	at org.eclipse.core.runtime.internal.adaptor.EclipseAppLauncher.start(EclipseAppLauncher.java:79)
	at org.eclipse.core.runtime.adaptor.EclipseStarter.run(EclipseStarter.java:353)
	at org.eclipse.core.runtime.adaptor.EclipseStarter.run(EclipseStarter.java:180)
	at sun.reflect.NativeMethodAccessorImpl.invoke0(Native Method)
	at sun.reflect.NativeMethodAccessorImpl.invoke(NativeMethodAccessorImpl.java:39)
	at sun.reflect.DelegatingMethodAccessorImpl.invoke(DelegatingMethodAccessorImpl.java:25)
	at java.lang.reflect.Method.invoke(Method.java:597)
	at org.eclipse.equinox.launcher.Main.invokeFramework(Main.java:629)
	at org.eclipse.equinox.launcher.Main.basicRun(Main.java:584)
	at org.eclipse.equinox.launcher.Main.run(Main.java:1438)

!ENTRY org.python.pydev.shared_core 4 4 2013-07-02 18:26:48.098
!MESSAGE The encoding found: >>utf-8-<< on \PythonAutoTestPro\src\Topka\CreateTopkaActivity.py is not a valid encoding.
!STACK 0
java.io.UnsupportedEncodingException: The encoding found: >>utf-8-<< on \PythonAutoTestPro\src\Topka\CreateTopkaActivity.py is not a valid encoding.
	at org.python.pydev.shared_core.io.FileUtils.getValidEncoding(FileUtils.java:786)
	at org.python.pydev.shared_core.io.FileUtils.getPythonFileEncoding(FileUtils.java:747)
	at org.python.pydev.core.FileUtilsFileBuffer.getPythonFileEncoding(FileUtilsFileBuffer.java:292)
	at org.python.pydev.editor.PyEdit.fixEncoding(PyEdit.java:995)
	at org.python.pydev.editor.PyEdit.performSave(PyEdit.java:946)
	at org.eclipse.ui.texteditor.AbstractTextEditor.doSave(AbstractTextEditor.java:4855)
	at org.python.pydev.editor.PyEdit.doSave(PyEdit.java:982)
	at org.eclipse.ui.texteditor.AbstractTextEditor$TextEditorSavable.doSave(AbstractTextEditor.java:7198)
	at org.eclipse.ui.Saveable.doSave(Saveable.java:214)
	at org.eclipse.ui.internal.SaveableHelper.doSaveModel(SaveableHelper.java:346)
	at org.eclipse.ui.internal.SaveableHelper$3.run(SaveableHelper.java:193)
	at org.eclipse.ui.internal.SaveableHelper$5.run(SaveableHelper.java:274)
	at org.eclipse.jface.operation.ModalContext.runInCurrentThread(ModalContext.java:464)
	at org.eclipse.jface.operation.ModalContext.run(ModalContext.java:372)
	at org.eclipse.ui.internal.WorkbenchWindow$13.run(WorkbenchWindow.java:1675)
	at org.eclipse.swt.custom.BusyIndicator.showWhile(BusyIndicator.java:70)
	at org.eclipse.ui.internal.WorkbenchWindow.run(WorkbenchWindow.java:1672)
	at org.eclipse.ui.internal.SaveableHelper.runProgressMonitorOperation(SaveableHelper.java:282)
	at org.eclipse.ui.internal.SaveableHelper.runProgressMonitorOperation(SaveableHelper.java:261)
	at org.eclipse.ui.internal.SaveableHelper.saveModels(SaveableHelper.java:204)
	at org.eclipse.ui.internal.SaveableHelper.savePart(SaveableHelper.java:144)
	at org.eclipse.ui.internal.e4.compatibility.CompatibilityPart.doSave(CompatibilityPart.java:404)
	at sun.reflect.NativeMethodAccessorImpl.invoke0(Native Method)
	at sun.reflect.NativeMethodAccessorImpl.invoke(NativeMethodAccessorImpl.java:39)
	at sun.reflect.DelegatingMethodAccessorImpl.invoke(DelegatingMethodAccessorImpl.java:25)
	at java.lang.reflect.Method.invoke(Method.java:597)
	at org.eclipse.e4.core.internal.di.MethodRequestor.execute(MethodRequestor.java:56)
	at org.eclipse.e4.core.internal.di.InjectorImpl.invokeUsingClass(InjectorImpl.java:229)
	at org.eclipse.e4.core.internal.di.InjectorImpl.invokeUsingClass(InjectorImpl.java:235)
	at org.eclipse.e4.core.internal.di.InjectorImpl.invoke(InjectorImpl.java:199)
	at org.eclipse.e4.core.contexts.ContextInjectionFactory.invoke(ContextInjectionFactory.java:89)
	at org.eclipse.e4.ui.internal.workbench.PartServiceImpl.savePart(PartServiceImpl.java:1179)
	at org.eclipse.ui.internal.WorkbenchPage.saveSaveable(WorkbenchPage.java:3469)
	at org.eclipse.ui.internal.WorkbenchPage.saveEditor(WorkbenchPage.java:3487)
	at org.eclipse.ui.internal.SaveAction.run(SaveAction.java:76)
	at org.eclipse.jface.action.Action.runWithEvent(Action.java:498)
	at org.eclipse.jface.commands.ActionHandler.execute(ActionHandler.java:119)
	at org.eclipse.ui.internal.handlers.E4HandlerProxy.execute(E4HandlerProxy.java:76)
	at sun.reflect.NativeMethodAccessorImpl.invoke0(Native Method)
	at sun.reflect.NativeMethodAccessorImpl.invoke(NativeMethodAccessorImpl.java:39)
	at sun.reflect.DelegatingMethodAccessorImpl.invoke(DelegatingMethodAccessorImpl.java:25)
	at java.lang.reflect.Method.invoke(Method.java:597)
	at org.eclipse.e4.core.internal.di.MethodRequestor.execute(MethodRequestor.java:56)
	at org.eclipse.e4.core.internal.di.InjectorImpl.invokeUsingClass(InjectorImpl.java:229)
	at org.eclipse.e4.core.internal.di.InjectorImpl.invoke(InjectorImpl.java:210)
	at org.eclipse.e4.core.contexts.ContextInjectionFactory.invoke(ContextInjectionFactory.java:131)
	at org.eclipse.e4.core.commands.internal.HandlerServiceImpl.executeHandler(HandlerServiceImpl.java:171)
	at org.eclipse.e4.ui.bindings.keys.KeyBindingDispatcher.executeCommand(KeyBindingDispatcher.java:276)
	at org.eclipse.e4.ui.bindings.keys.KeyBindingDispatcher.press(KeyBindingDispatcher.java:494)
	at org.eclipse.e4.ui.bindings.keys.KeyBindingDispatcher.processKeyEvent(KeyBindingDispatcher.java:545)
	at org.eclipse.e4.ui.bindings.keys.KeyBindingDispatcher.filterKeySequenceBindings(KeyBindingDispatcher.java:366)
	at org.eclipse.e4.ui.bindings.keys.KeyBindingDispatcher.access$0(KeyBindingDispatcher.java:313)
	at org.eclipse.e4.ui.bindings.keys.KeyBindingDispatcher$KeyDownFilter.handleEvent(KeyBindingDispatcher.java:82)
	at org.eclipse.swt.widgets.EventTable.sendEvent(EventTable.java:84)
	at org.eclipse.swt.widgets.Display.filterEvent(Display.java:1262)
	at org.eclipse.swt.widgets.Widget.sendEvent(Widget.java:1052)
	at org.eclipse.swt.widgets.Widget.sendEvent(Widget.java:1077)
	at org.eclipse.swt.widgets.Widget.sendEvent(Widget.java:1062)
	at org.eclipse.swt.widgets.Widget.sendKeyEvent(Widget.java:1104)
	at org.eclipse.swt.widgets.Widget.sendKeyEvent(Widget.java:1100)
	at org.eclipse.swt.widgets.Widget.wmChar(Widget.java:1521)
	at org.eclipse.swt.widgets.Control.WM_CHAR(Control.java:4640)
	at org.eclipse.swt.widgets.Canvas.WM_CHAR(Canvas.java:345)
	at org.eclipse.swt.widgets.Control.windowProc(Control.java:4528)
	at org.eclipse.swt.widgets.Canvas.windowProc(Canvas.java:341)
	at org.eclipse.swt.widgets.Display.windowProc(Display.java:4976)
	at org.eclipse.swt.internal.win32.OS.DispatchMessageW(Native Method)
	at org.eclipse.swt.internal.win32.OS.DispatchMessage(OS.java:2546)
	at org.eclipse.swt.widgets.Display.readAndDispatch(Display.java:3756)
	at org.eclipse.e4.ui.internal.workbench.swt.PartRenderingEngine$9.run(PartRenderingEngine.java:1029)
	at org.eclipse.core.databinding.observable.Realm.runWithDefault(Realm.java:332)
	at org.eclipse.e4.ui.internal.workbench.swt.PartRenderingEngine.run(PartRenderingEngine.java:923)
	at org.eclipse.e4.ui.internal.workbench.E4Workbench.createAndRunUI(E4Workbench.java:86)
	at org.eclipse.ui.internal.Workbench$5.run(Workbench.java:588)
	at org.eclipse.core.databinding.observable.Realm.runWithDefault(Realm.java:332)
	at org.eclipse.ui.internal.Workbench.createAndRunWorkbench(Workbench.java:543)
	at org.eclipse.ui.PlatformUI.createAndRunWorkbench(PlatformUI.java:149)
	at org.eclipse.ui.internal.ide.application.IDEApplication.start(IDEApplication.java:124)
	at org.eclipse.equinox.internal.app.EclipseAppHandle.run(EclipseAppHandle.java:196)
	at org.eclipse.core.runtime.internal.adaptor.EclipseAppLauncher.runApplication(EclipseAppLauncher.java:110)
	at org.eclipse.core.runtime.internal.adaptor.EclipseAppLauncher.start(EclipseAppLauncher.java:79)
	at org.eclipse.core.runtime.adaptor.EclipseStarter.run(EclipseStarter.java:353)
	at org.eclipse.core.runtime.adaptor.EclipseStarter.run(EclipseStarter.java:180)
	at sun.reflect.NativeMethodAccessorImpl.invoke0(Native Method)
	at sun.reflect.NativeMethodAccessorImpl.invoke(NativeMethodAccessorImpl.java:39)
	at sun.reflect.DelegatingMethodAccessorImpl.invoke(DelegatingMethodAccessorImpl.java:25)
	at java.lang.reflect.Method.invoke(Method.java:597)
	at org.eclipse.equinox.launcher.Main.invokeFramework(Main.java:629)
	at org.eclipse.equinox.launcher.Main.basicRun(Main.java:584)
	at org.eclipse.equinox.launcher.Main.run(Main.java:1438)
